<?xml version="1.0" encoding="UTF-8"?>
<!-- Generated by org.testng.reporters.JUnitXMLReporter -->
<testsuite ignored="0" hostname="LAPTOP-EALG3IRK" failures="0" tests="3" name="HRM Application Nucot" time="30.675" errors="0" timestamp="2023-10-04T14:56:56 IST">
  <testcase classname="nucotjulypomseries.tests.LoginPageTest" name="loginPageUrlTest" time="0.018"/>
  <testcase classname="nucotjulypomseries.tests.LoginPageTest" name="loginPageTitleTest" time="0.013"/>
  <testcase classname="nucotjulypomseries.tests.LoginPageTest" name="loginTest" time="4.658"/>
</testsuite> <!-- HRM Application Nucot -->
