<?xml version="1.0" encoding="UTF-8"?>
<testng-results ignored="0" total="3" passed="3" failed="0" skipped="0">
  <reporter-output>
  </reporter-output>
  <suite started-at="2023-10-04T15:15:46 IST" name="Default suite" finished-at="2023-10-04T15:16:02 IST" duration-ms="15349">
    <groups>
    </groups>
    <test started-at="2023-10-04T15:15:46 IST" name="Default test" finished-at="2023-10-04T15:16:02 IST" duration-ms="15349">
      <class name="nucotjulypomseries.tests.LoginPageTest">
        <test-method is-config="true" signature="setup()[pri:0, instance:nucotjulypomseries.tests.LoginPageTest@4c402120]" started-at="2023-10-04T15:15:46 IST" name="setup" finished-at="2023-10-04T15:15:57 IST" duration-ms="10618" status="PASS">
          <reporter-output>
          </reporter-output>
        </test-method> <!-- setup -->
        <test-method signature="loginPageUrlTest()[pri:1, instance:nucotjulypomseries.tests.LoginPageTest@4c402120]" started-at="2023-10-04T15:15:57 IST" name="loginPageUrlTest" finished-at="2023-10-04T15:15:57 IST" duration-ms="19" status="PASS">
          <reporter-output>
          </reporter-output>
        </test-method> <!-- loginPageUrlTest -->
        <test-method signature="loginPageTitleTest()[pri:2, instance:nucotjulypomseries.tests.LoginPageTest@4c402120]" started-at="2023-10-04T15:15:57 IST" name="loginPageTitleTest" finished-at="2023-10-04T15:15:57 IST" duration-ms="11" status="PASS">
          <reporter-output>
          </reporter-output>
        </test-method> <!-- loginPageTitleTest -->
        <test-method signature="loginTest()[pri:3, instance:nucotjulypomseries.tests.LoginPageTest@4c402120]" started-at="2023-10-04T15:15:57 IST" name="loginTest" finished-at="2023-10-04T15:16:01 IST" duration-ms="4473" status="PASS">
          <reporter-output>
          </reporter-output>
        </test-method> <!-- loginTest -->
        <test-method is-config="true" signature="closeApp()[pri:0, instance:nucotjulypomseries.tests.LoginPageTest@4c402120]" started-at="2023-10-04T15:16:01 IST" name="closeApp" finished-at="2023-10-04T15:16:02 IST" duration-ms="193" status="PASS">
          <reporter-output>
          </reporter-output>
        </test-method> <!-- closeApp -->
      </class> <!-- nucotjulypomseries.tests.LoginPageTest -->
    </test> <!-- Default test -->
  </suite> <!-- Default suite -->
</testng-results>
